Iteration	Likelihood	Prior	p	r
0	-4.99776	1.043804	0.1258781	0.1258781
100	-2.996525	0.3483513	0.1954234	0.1954234
200	-4.654494	0.9553202	0.1347265	0.1347265
300	-2.537418	0.08041715	0.2222168	0.2222168
400	-1.690933	-1.171698	0.3474283	0.3474283
500	-3.727854	0.6634238	0.1639161	0.1639161
600	-1.796827	-0.7177437	0.3020329	0.3020329
700	-1.818228	-0.6730062	0.2975591	0.2975591
800	-3.265752	0.4764492	0.1826136	0.1826136
900	-2.163961	-0.2180027	0.2520588	0.2520588
1000	-2.232407	-2.346681	0.4649266	0.4649266
1100	-3.741627	0.6684823	0.1634103	0.1634103
1200	-1.916021	-1.932017	0.4234602	0.4234602
1300	-1.90991	-0.5165966	0.2819182	0.2819182
1400	-2.137949	-0.2434516	0.2546037	0.2546037
1500	-3.235741	0.4629756	0.183961	0.183961
1600	-1.769645	-0.7821466	0.3084732	0.3084732
1700	-4.417616	0.8888446	0.141374	0.141374
1800	-1.695116	-1.096981	0.3399566	0.3399566
1900	-2.283924	-0.1101789	0.2412764	0.2412764
2000	-2.628866	0.1402554	0.216233	0.216233
2100	-2.084036	-0.2990787	0.2601664	0.2601664
2200	-1.730743	-0.8996653	0.320225	0.320225
2300	-1.726416	-1.486029	0.3788614	0.3788614
2400	-1.822929	-1.757454	0.4060039	0.4060039
2500	-3.526088	0.5861412	0.1716444	0.1716444
2600	-2.318607	-2.43657	0.4739155	0.4739155
2700	-2.281131	-0.1125338	0.2415119	0.2415119
2800	-1.749688	-0.8373153	0.31399	0.31399
2900	-1.954941	-0.4530804	0.2755666	0.2755666
3000	-2.270657	-0.1214241	0.2424009	0.2424009
3100	-2.768107	0.2245307	0.2078054	0.2078054
3200	-1.694599	-1.102938	0.3405523	0.3405523
3300	-2.166399	-0.2156594	0.2518245	0.2518245
3400	-1.959382	-2.000987	0.4303573	0.4303573
3500	-1.704743	-1.377873	0.3680458	0.3680458
3600	-1.859966	-0.596108	0.2898693	0.2898693
3700	-1.745636	-0.8496581	0.3152243	0.3152243
3800	-1.890791	-0.5457339	0.2848319	0.2848319
3900	-4.544889	0.9251539	0.1377431	0.1377431
4000	-2.371242	-0.03970184	0.2342287	0.2342287
4100	-2.483552	0.04323137	0.2259354	0.2259354
4200	-2.588412	0.1142657	0.2188319	0.2188319
4300	-1.797161	-0.7170116	0.3019597	0.3019597
4400	-2.907558	0.3020079	0.2000577	0.2000577
4500	-1.799813	-1.705361	0.4007946	0.4007946
4600	-1.728386	-0.9084161	0.3211001	0.3211001
4700	-3.001982	0.3511228	0.1951462	0.1951462
4800	-3.759197	0.6748975	0.1627688	0.1627688
4900	-2.239754	-0.1482272	0.2450812	0.2450812
5000	-2.616606	0.1324562	0.2170129	0.2170129
5100	-1.707659	-1.002433	0.3305018	0.3305018
5200	-1.710446	-0.98723	0.3289815	0.3289815
5300	-3.007962	0.3541509	0.1948434	0.1948434
5400	-3.600184	0.6152383	0.1687347	0.1687347
5500	-3.302273	0.4925986	0.1809987	0.1809987
5600	-1.715958	-0.9601024	0.3262688	0.3262688
5700	-1.842969	-1.799121	0.4101706	0.4101706
5800	-1.728589	-0.9076524	0.3210237	0.3210237
5900	-1.925588	-1.947755	0.425034	0.425034
6000	-1.802411	-0.7056402	0.3008225	0.3008225
6100	-3.412166	0.5396454	0.176294	0.176294
6200	-2.726911	0.2003771	0.2102208	0.2102208
6300	-1.724043	-0.9253113	0.3227896	0.3227896
6400	-2.626778	0.1389319	0.2163653	0.2163653
6500	-5.42606	1.143093	0.1159492	0.1159492
6600	-2.826767	0.2578922	0.2044693	0.2044693
6700	-2.671615	0.1669474	0.2135638	0.2135638
6800	-2.673393	0.1680415	0.2134544	0.2134544
6900	-1.859391	-1.831314	0.4133899	0.4133899
7000	-2.219887	-0.1659365	0.2468522	0.2468522
7100	-1.785891	-1.671356	0.3973941	0.3973941
7200	-1.721583	-1.465627	0.3768212	0.3768212
7300	-1.949472	-0.4604569	0.2763042	0.2763042
7400	-2.869297	0.2813689	0.2021216	0.2021216
7500	-2.7643	0.2223245	0.2080261	0.2080261
7600	-2.597219	0.1199867	0.2182598	0.2182598
7700	-1.867091	-0.5840479	0.2886633	0.2886633
7800	-2.864656	0.2788351	0.202375	0.202375
7900	-4.034935	0.7703774	0.1532208	0.1532208
8000	-2.14014	-2.242234	0.4544819	0.4544819
8100	-2.726118	0.1999059	0.2102679	0.2102679
8200	-1.71225	-0.9779719	0.3280557	0.3280557
8300	-2.409718	-0.01039765	0.2312983	0.2312983
8400	-2.039165	-0.3488191	0.2651404	0.2651404
8500	-2.103394	-0.2786257	0.2581211	0.2581211
8600	-3.329897	0.5046392	0.1797946	0.1797946
8700	-2.09932	-0.282884	0.2585469	0.2585469
8800	-1.878848	-0.5647139	0.2867299	0.2867299
8900	-2.536477	0.07978049	0.2222805	0.2222805
9000	-1.691483	-1.153741	0.3456326	0.3456326
9100	-1.736357	-0.879839	0.3182424	0.3182424
9200	-2.529328	0.07492911	0.2227656	0.2227656
9300	-4.234926	0.8341322	0.1468453	0.1468453
9400	-2.698487	-2.773666	0.5076251	0.5076251
9500	-1.769607	-0.7822449	0.308483	0.308483
9600	-2.037773	-2.113108	0.4415693	0.4415693
9700	-1.768806	-0.7843082	0.3086893	0.3086893
9800	-3.362412	0.5186245	0.1783961	0.1783961
9900	-1.784002	-0.7468879	0.3049473	0.3049473
10000	-2.357908	-0.05009345	0.2352679	0.2352679
10100	-2.527996	0.07402226	0.2228563	0.2228563
10200	-2.368104	-0.04213643	0.2344722	0.2344722
10300	-2.937376	0.3177898	0.1984795	0.1984795
10400	-2.042153	-0.3453968	0.2647982	0.2647982
10500	-1.768006	-1.623887	0.3926472	0.3926472
10600	-2.705335	0.1874746	0.211511	0.211511
10700	-1.921835	-0.4991252	0.280171	0.280171
10800	-1.757714	-1.594111	0.3896696	0.3896696
10900	-1.708339	-0.9986175	0.3301203	0.3301203
11000	-3.356175	0.5159576	0.1786627	0.1786627
11100	-1.69179	-1.248652	0.3551237	0.3551237
11200	-1.816223	-0.6770172	0.2979602	0.2979602
11300	-1.691782	-1.248467	0.3551052	0.3551052
11400	-1.690774	-1.214787	0.3517372	0.3517372
11500	-2.028348	-0.3613486	0.2663934	0.2663934
11600	-1.7153	-0.9631687	0.3265754	0.3265754
11700	-3.85449	0.7089718	0.1593613	0.1593613
11800	-2.96769	0.3335735	0.1969012	0.1969012
11900	-1.779627	-0.7573079	0.3059893	0.3059893
12000	-1.813632	-0.6822536	0.2984839	0.2984839
12100	-1.691302	-1.236249	0.3538834	0.3538834
12200	-1.716612	-0.9570917	0.3259677	0.3259677
12300	-1.690997	-1.225876	0.3528461	0.3528461
12400	-1.810629	-0.6883979	0.2990983	0.2990983
12500	-2.671904	0.1671252	0.213546	0.213546
12600	-1.712123	-1.420517	0.3723102	0.3723102
12700	-2.981989	0.3409301	0.1961655	0.1961655
12800	-1.946691	-1.981401	0.4283986	0.4283986
12900	-6.656063	1.375745	0.092684	0.092684
13000	-3.554497	0.5973998	0.1705185	0.1705185
13100	-1.732158	-0.8945398	0.3197125	0.3197125
13200	-3.04261	0.3715106	0.1931075	0.1931075
13300	-1.706435	-1.009512	0.3312097	0.3312097
13400	-1.999507	-0.3959077	0.2698493	0.2698493
13500	-2.321085	-0.07946516	0.238205	0.238205
13600	-1.782768	-0.7498013	0.3052386	0.3052386
13700	-2.631408	0.1418644	0.2160721	0.2160721
13800	-1.936278	-0.4786167	0.2781202	0.2781202
13900	-2.09587	-0.2865081	0.2589093	0.2589093
14000	-1.697276	-1.320916	0.3623501	0.3623501
14100	-3.103948	0.401501	0.1901084	0.1901084
14200	-2.017697	-0.3739091	0.2676494	0.2676494
14300	-1.691794	-1.248727	0.3551312	0.3551312
14400	-1.800458	-0.7098371	0.3012422	0.3012422
14500	-1.703174	-1.029863	0.3332448	0.3332448
14600	-1.765879	-0.791944	0.3094529	0.3094529
14700	-1.804233	-0.7017616	0.3004347	0.3004347
14800	-2.383703	-0.0301029	0.2332688	0.2332688
14900	-2.74979	0.2138674	0.2088718	0.2088718
15000	-2.263508	-0.1275477	0.2430133	0.2430133
15100	-3.103804	0.4014316	0.1901153	0.1901153
15200	-1.704931	-1.379082	0.3681667	0.3681667
15300	-2.296373	-2.414003	0.4716588	0.4716588
15400	-1.782149	-1.661812	0.3964397	0.3964397
15500	-1.78065	-0.7548482	0.3057433	0.3057433
15600	-2.15172	-0.229874	0.2532459	0.2532459
15700	-1.701069	-1.044478	0.3347063	0.3347063
15800	-2.204397	-0.1800187	0.2482604	0.2482604
15900	-5.599729	1.180292	0.1122293	0.1122293
16000	-2.407078	-0.01237752	0.2314963	0.2314963
16100	-1.961935	-0.4437701	0.2746355	0.2746355
16200	-1.691512	-1.241998	0.3544583	0.3544583
16300	-4.768767	0.9857483	0.1316837	0.1316837
16400	-2.771356	-2.830405	0.513299	0.513299
16500	-3.202882	0.4480071	0.1854578	0.1854578
16600	-2.264058	-0.1270743	0.2429659	0.2429659
16700	-1.693253	-1.274756	0.3577341	0.3577341
16800	-4.304381	0.8553093	0.1447276	0.1447276
16900	-3.599895	0.6151263	0.1687459	0.1687459
17000	-1.739995	-0.8676584	0.3170244	0.3170244
17100	-1.691059	-1.228265	0.353085	0.353085
17200	-1.726654	-0.915028	0.3217613	0.3217613
17300	-2.965125	0.3322479	0.1970337	0.1970337
17400	-1.697712	-1.071313	0.3373898	0.3373898
17500	-1.712024	-1.419997	0.3722582	0.3722582
17600	-1.844446	-0.6233638	0.2925949	0.2925949
17700	-2.910797	0.3037348	0.199885	0.199885
17800	-1.757333	-0.8151749	0.311776	0.311776
17900	-1.758811	-1.597386	0.3899971	0.3899971
18000	-3.764633	0.6768739	0.1625711	0.1625711
18100	-2.31305	-0.08601134	0.2388596	0.2388596
18200	-1.866183	-0.5855708	0.2888156	0.2888156
18300	-1.809387	-0.6909615	0.2993547	0.2993547
18400	-2.101802	-0.2802869	0.2582872	0.2582872
18500	-2.142431	-0.239006	0.2541591	0.2541591
18600	-3.547328	0.5945712	0.1708014	0.1708014
18700	-1.766247	-0.7909758	0.3093561	0.3093561
18800	-3.974983	0.7504067	0.1552178	0.1552178
18900	-2.754778	0.2167831	0.2085802	0.2085802
19000	-2.777828	0.2301408	0.2072444	0.2072444
19100	-2.101499	-0.2806033	0.2583188	0.2583188
19200	-2.97122	0.3353947	0.196719	0.196719
19300	-2.776415	0.2293277	0.2073257	0.2073257
19400	-1.855146	-0.6044231	0.2907008	0.2907008
19500	-2.810897	0.2489814	0.2053604	0.2053604
19600	-1.691665	-1.245779	0.3548365	0.3548365
19700	-1.921945	-0.4989666	0.2801552	0.2801552
19800	-1.99865	-0.3969619	0.2699547	0.2699547
19900	-1.781245	-0.753423	0.3056008	0.3056008
20000	-1.853468	-0.6073478	0.2909933	0.2909933
20100	-3.189689	0.4419323	0.1860653	0.1860653
20200	-2.586493	0.1130144	0.2189571	0.2189571
20300	-1.759326	-1.598915	0.39015	0.39015
20400	-1.762027	-0.8022335	0.3104819	0.3104819
20500	-1.696229	-1.3107	0.3613285	0.3613285
20600	-4.459428	0.90093	0.1401655	0.1401655
20700	-3.711153	0.6572543	0.1645331	0.1645331
20800	-1.770841	-0.7790866	0.3081672	0.3081672
20900	-1.713292	-0.9727999	0.3275385	0.3275385
21000	-1.772915	-1.637406	0.3939991	0.3939991
21100	-3.046464	0.3734223	0.1929163	0.1929163
21200	-2.916589	0.3068151	0.199577	0.199577
21300	-3.13473	0.4162101	0.1886375	0.1886375
21400	-1.847297	-1.807763	0.4110348	0.4110348
21500	-2.496995	0.05265688	0.2249928	0.2249928
21600	-3.094276	0.396833	0.1905752	0.1905752
21700	-2.444644	0.015377	0.2287208	0.2287208
21800	-1.749674	-0.8373559	0.3139941	0.3139941
21900	-1.713123	-0.9736275	0.3276213	0.3276213
22000	-1.718097	-0.9504009	0.3252986	0.3252986
22100	-1.813204	-0.6831262	0.2985711	0.2985711
22200	-3.896862	0.723746	0.1578839	0.1578839
22300	-2.168726	-0.21343	0.2516015	0.2516015
22400	-2.838715	0.2645463	0.2038039	0.2038039
22500	-1.909945	-0.5165457	0.2819131	0.2819131
22600	-4.839541	1.004095	0.129849	0.129849
22700	-4.577517	0.9342376	0.1368347	0.1368347
22800	-2.322408	-0.07839226	0.2380977	0.2380977
22900	-1.691804	-1.146113	0.3448698	0.3448698
23000	-1.898761	-0.5334103	0.2835995	0.2835995
23100	-1.952128	-0.4568645	0.275945	0.275945
23200	-1.898146	-0.5343513	0.2836936	0.2836936
23300	-2.976338	0.3380291	0.1964556	0.1964556
23400	-1.821885	-0.6657726	0.2968358	0.2968358
23500	-2.307149	-0.0908518	0.2393437	0.2393437
23600	-2.638968	-2.725744	0.5028329	0.5028329
23700	-2.881127	0.2877977	0.2014787	0.2014787
23800	-2.991309	0.345695	0.195689	0.195689
23900	-2.343296	-0.06162771	0.2364213	0.2364213
24000	-1.721055	-0.937603	0.3240188	0.3240188
24100	-2.54942	0.08849776	0.2214087	0.2214087
24200	-1.692916	-1.269566	0.3572151	0.3572151
24300	-1.758778	-0.8111402	0.3113725	0.3113725
24400	-2.801317	0.2435622	0.2059023	0.2059023
24500	-2.417695	-0.00444391	0.2307029	0.2307029
24600	-1.711644	-0.9810364	0.3283622	0.3283622
24700	-3.171466	0.4334782	0.1869107	0.1869107
24800	-2.263283	-0.1277411	0.2430326	0.2430326
24900	-5.49988	1.159106	0.1143479	0.1143479
25000	-1.699542	-1.056038	0.3358623	0.3358623
25100	-3.084694	0.3921861	0.1910399	0.1910399
25200	-2.007223	-0.3864885	0.2689074	0.2689074
25300	-4.000057	0.7588097	0.1543775	0.1543775
25400	-2.5519	0.09015844	0.2212427	0.2212427
25500	-2.154626	-0.2270391	0.2529624	0.2529624
25600	-1.945181	-0.4663066	0.2768892	0.2768892
25700	-1.950822	-0.4586285	0.2761214	0.2761214
25800	-2.606293	0.1258439	0.2176741	0.2176741
25900	-2.135385	-0.2460065	0.2548592	0.2548592
26000	-1.885005	-1.878624	0.4181209	0.4181209
26100	-1.816326	-0.676812	0.2979397	0.2979397
26200	-1.707114	-1.005556	0.3308141	0.3308141
26300	-1.700468	-1.048914	0.3351499	0.3351499
26400	-1.711918	-1.41944	0.3722025	0.3722025
26500	-2.860197	0.2763941	0.2026191	0.2026191
26600	-2.759928	0.2197842	0.2082801	0.2082801
26700	-2.331497	-0.07105725	0.2373642	0.2373642
26800	-2.002317	-0.3924618	0.2695047	0.2695047
26900	-2.045799	-2.123855	0.442644	0.442644
27000	-2.607364	-2.699673	0.5002258	0.5002258
27100	-1.695448	-1.302454	0.360504	0.360504
27200	-2.533282	0.0776156	0.2224969	0.2224969
27300	-2.478554	0.03970164	0.2262883	0.2262883
27400	-1.711093	-0.9838646	0.328645	0.328645
27500	-2.25601	-0.1340186	0.2436604	0.2436604
27600	-2.106236	-0.2756698	0.2578255	0.2578255
27700	-2.651555	0.1545177	0.2148067	0.2148067
27800	-1.751509	-0.8319105	0.3134496	0.3134496
27900	-1.758012	-0.8132737	0.3115859	0.3115859
28000	-2.207185	-0.1774664	0.2480051	0.2480051
28100	-2.01162	-0.3811796	0.2683765	0.2683765
28200	-3.745644	0.6699528	0.1632632	0.1632632
28300	-1.766856	-0.7893762	0.3091961	0.3091961
28400	-2.688517	0.1772932	0.2125292	0.2125292
28500	-1.885319	-0.5543502	0.2856935	0.2856935
28600	-6.04897	1.269396	0.1033189	0.1033189
28700	-1.741853	-1.543441	0.3846026	0.3846026
28800	-1.917231	-0.5058105	0.2808396	0.2808396
28900	-2.072142	-0.3119323	0.2614517	0.2614517
29000	-1.73844	-0.872805	0.317539	0.317539
29100	-1.96534	-0.4392859	0.2741871	0.2741871
29200	-4.804205	0.9949815	0.1307604	0.1307604
29300	-1.692005	-1.141865	0.3444451	0.3444451
29400	-4.262159	0.8424923	0.1460093	0.1460093
29500	-3.970486	0.7488917	0.1553693	0.1553693
29600	-1.952722	-0.4560642	0.2758649	0.2758649
29700	-2.810794	0.2489235	0.2053662	0.2053662
29800	-3.923961	0.733078	0.1569507	0.1569507
29900	-2.844071	0.2675142	0.2035071	0.2035071
30000	-2.496964	0.05263521	0.224995	0.224995
30100	-3.517736	0.5828067	0.1719778	0.1719778
30200	-1.736554	-0.8791653	0.318175	0.318175
30300	-1.6907	-1.18592	0.3488505	0.3488505
30400	-1.798461	-0.7141679	0.3016753	0.3016753
30500	-1.805737	-0.6985826	0.3001168	0.3001168
30600	-1.738187	-0.8736513	0.3176236	0.3176236
30700	-3.145739	0.421417	0.1881168	0.1881168
30800	-1.692557	-1.263609	0.3566194	0.3566194
30900	-1.690901	-1.173162	0.3475748	0.3475748
31000	-3.175796	0.4354939	0.1867091	0.1867091
31100	-2.408309	-2.523813	0.4826398	0.4826398
31200	-3.127513	0.4127814	0.1889804	0.1889804
31300	-1.700817	-1.046321	0.3348906	0.3348906
31400	-1.769392	-0.7827975	0.3085383	0.3085383
31500	-1.696444	-1.083118	0.3385703	0.3385703
31600	-1.696165	-1.085883	0.3388468	0.3388468
31700	-2.09485	-2.1871	0.4489686	0.4489686
31800	-3.47127	0.5640435	0.1738542	0.1738542
31900	-2.821835	0.2551322	0.2047453	0.2047453
32000	-1.696525	-1.313675	0.3616261	0.3616261
32100	-2.358487	-0.0496402	0.2352225	0.2352225
32200	-1.699114	-1.337064	0.3639649	0.3639649
32300	-2.885752	0.2902999	0.2012285	0.2012285
32400	-1.868823	-0.5811564	0.2883741	0.2883741
32500	-2.8091	0.2479672	0.2054618	0.2054618
32600	-1.857958	-1.828568	0.4131153	0.4131153
32700	-1.843396	-0.6252588	0.2927844	0.2927844
32800	-3.11787	0.4081811	0.1894404	0.1894404
32900	-2.414743	-0.00664252	0.2309228	0.2309228
33000	-2.091834	-0.2907717	0.2593357	0.2593357
33100	-1.764133	-0.7965729	0.3099158	0.3099158
33200	-1.706518	-1.009023	0.3311608	0.3311608
33300	-2.372795	-0.03849942	0.2341085	0.2341085
33400	-1.712061	-1.420188	0.3722773	0.3722773
33500	-5.178615	1.08712	0.1215466	0.1215466
33600	-1.690731	-1.183171	0.3485756	0.3485756
33700	-1.784486	-0.7457509	0.3048336	0.3048336
33800	-2.473372	0.03602779	0.2266557	0.2266557
33900	-1.850162	-1.81342	0.4116005	0.4116005
34000	-1.690897	-1.173317	0.3475902	0.3475902
34100	-2.514339	-2.620171	0.4922756	0.4922756
34200	-2.816945	0.2523872	0.2050198	0.2050198
34300	-1.704728	-1.019867	0.3322452	0.3322452
34400	-2.978561	0.3391717	0.1963413	0.1963413
34500	-3.086411	0.3930209	0.1909564	0.1909564
34600	-2.256901	-0.1332471	0.2435832	0.2435832
34700	-3.385576	-3.245308	0.5547893	0.5547893
34800	-2.866112	-2.901315	0.52039	0.52039
34900	-1.690643	-1.195746	0.3498331	0.3498331
35000	-2.865103	0.2790795	0.2023506	0.2023506
35100	-1.692176	-1.256659	0.3559244	0.3559244
35200	-2.270165	-0.1218441	0.2424429	0.2424429
35300	-2.026999	-0.3629268	0.2665512	0.2665512
35400	-1.740853	-0.8648527	0.3167438	0.3167438
35500	-1.834695	-0.6412525	0.2943838	0.2943838
35600	-2.101473	-0.2806301	0.2583215	0.2583215
35700	-2.030429	-0.3589196	0.2661505	0.2661505
35800	-1.693685	-1.114513	0.3417098	0.3417098
35900	-1.844456	-0.6233455	0.2925931	0.2925931
36000	-2.11755	-0.2640172	0.2566602	0.2566602
36100	-3.460549	0.559663	0.1742922	0.1742922
36200	-1.737427	-0.876205	0.317879	0.317879
36300	-5.006022	1.04583	0.1256755	0.1256755
36400	-1.808147	-1.72471	0.4027295	0.4027295
36500	-1.915219	-1.930683	0.4233268	0.4233268
36600	-3.447951	0.5544901	0.1748095	0.1748095
36700	-1.752748	-0.828282	0.3130867	0.3130867
36800	-3.085883	0.3927644	0.1909821	0.1909821
36900	-5.525287	1.164548	0.1138037	0.1138037
37000	-2.619247	0.1341421	0.2168443	0.2168443
37100	-1.783881	-0.7471721	0.3049757	0.3049757
37200	-2.66447	-2.746459	0.5049044	0.5049044
37300	-2.423502	-0.0001351694	0.230272	0.230272
37400	-2.160109	-0.221719	0.2524304	0.2524304
37500	-1.844263	-0.6236924	0.2926277	0.2926277
37600	-1.76974	-0.7819035	0.3084489	0.3084489
37700	-2.751051	0.2146053	0.208798	0.208798
37800	-1.738303	-0.8732636	0.3175849	0.3175849
37900	-2.057336	-0.3282594	0.2630844	0.2630844
38000	-1.745403	-1.555382	0.3857967	0.3857967
38100	-3.521986	0.5845051	0.171808	0.171808
38200	-2.704284	0.1868421	0.2115743	0.2115743
38300	-2.393424	-0.02268729	0.2325272	0.2325272
38400	-1.892576	-0.5429514	0.2845536	0.2845536
38500	-3.185935	-3.120826	0.5423411	0.5423411
38600	-4.727882	0.974978	0.1327607	0.1327607
38700	-1.692329	-1.135627	0.3438212	0.3438212
38800	-1.753341	-1.580788	0.3883373	0.3883373
38900	-2.758178	0.2187652	0.208382	0.208382
39000	-2.046031	-0.3409803	0.2643565	0.2643565
39100	-1.997175	-0.3987797	0.2701365	0.2701365
39200	-1.794632	-0.7225946	0.302518	0.302518
39300	-2.873952	0.2839036	0.2018681	0.2018681
39400	-1.9719	-0.4307318	0.2733317	0.2733317
39500	-2.601536	0.1227781	0.2179807	0.2179807
39600	-1.693673	-1.114672	0.3417257	0.3417257
39700	-1.703146	-1.367278	0.3669863	0.3669863
39800	-2.499411	0.05434046	0.2248245	0.2248245
39900	-3.304447	0.4935518	0.1809033	0.1809033
40000	-1.971932	-0.4306909	0.2733276	0.2733276
40100	-2.013846	-0.3785076	0.2681093	0.2681093
40200	-1.797627	-0.7159892	0.3018574	0.3018574
40300	-1.81794	-0.673579	0.2976164	0.2976164
40400	-1.696719	-1.080451	0.3383036	0.3383036
40500	-1.902196	-0.5281783	0.2830763	0.2830763
40600	-1.704465	-1.376075	0.367866	0.367866
40700	-1.73152	-1.506158	0.3808743	0.3808743
40800	-1.719013	-0.9463647	0.324895	0.324895
40900	-1.702217	-1.036338	0.3338923	0.3338923
41000	-1.69371	-1.281267	0.3583852	0.3583852
41100	-1.718807	-1.453192	0.3755777	0.3755777
41200	-1.716331	-1.441586	0.3744171	0.3744171
41300	-3.913384	0.7294464	0.1573139	0.1573139
41400	-1.713229	-0.973108	0.3275693	0.3275693
41500	-1.695222	-1.095807	0.3398392	0.3398392
41600	-2.885694	0.2902684	0.2012317	0.2012317
41700	-3.149031	0.4229689	0.1879616	0.1879616
41800	-1.718031	-1.44961	0.3752195	0.3752195
41900	-1.887095	-0.5515392	0.2854124	0.2854124
42000	-1.690982	-1.225295	0.352788	0.352788
42100	-1.693626	-1.115316	0.3417902	0.3417902
42200	-1.747632	-0.8435199	0.3146105	0.3146105
42300	-1.705554	-1.383028	0.3685613	0.3685613
42400	-1.863189	-0.590619	0.2893204	0.2893204
42500	-2.160965	-0.2208914	0.2523477	0.2523477
42600	-1.7477	-0.8433142	0.3145899	0.3145899
42700	-1.948246	-1.983826	0.4286411	0.4286411
42800	-3.293633	0.4888019	0.1813783	0.1813783
42900	-2.480506	0.04108235	0.2261503	0.2261503
43000	-1.693652	-1.114961	0.3417546	0.3417546
43100	-1.71457	-0.9666237	0.3269209	0.3269209
43200	-3.142585	0.4199282	0.1882657	0.1882657
43300	-1.956886	-1.997171	0.4299756	0.4299756
43400	-1.90109	-0.5298576	0.2832443	0.2832443
43500	-2.334037	-0.06901843	0.2371604	0.2371604
43600	-2.419126	-0.003380306	0.2305965	0.2305965
43700	-4.698708	0.9672141	0.1335371	0.1335371
43800	-1.695483	-1.302837	0.3605422	0.3605422
43900	-1.692077	-1.140407	0.3442992	0.3442992
44000	-1.861988	-1.836262	0.4138847	0.4138847
44100	-2.048534	-0.3381437	0.2640729	0.2640729
44200	-3.047616	0.3739929	0.1928592	0.1928592
44300	-3.368028	0.5210203	0.1781565	0.1781565
44400	-1.767836	-0.78682	0.3089405	0.3089405
44500	-3.17467	0.4349702	0.1867615	0.1867615
44600	-1.801752	-0.7070509	0.3009636	0.3009636
44700	-2.336223	-0.06726796	0.2369853	0.2369853
44800	-2.5498	0.08875226	0.2213833	0.2213833
44900	-1.744104	-0.8544464	0.3157032	0.3157032
45000	-6.891339	1.413212	0.08893732	0.08893732
45100	-2.609681	0.1280218	0.2174563	0.2174563
45200	-1.781522	-0.7527615	0.3055347	0.3055347
45300	-1.816234	-1.742855	0.404544	0.404544
45400	-4.279061	0.847644	0.1454941	0.1454941
45500	-2.754274	0.2164888	0.2086096	0.2086096
45600	-2.488491	0.04670604	0.2255879	0.2255879
45700	-1.796056	-0.7194414	0.3022027	0.3022027
45800	-2.392259	-2.508621	0.4811206	0.4811206
45900	-2.087068	-0.2958369	0.2598422	0.2598422
46000	-2.715289	0.193449	0.2109136	0.2109136
46100	-1.697685	-1.324682	0.3627267	0.3627267
46200	-1.70718	-1.005174	0.3307759	0.3307759
46300	-2.5966	0.1195857	0.2182999	0.2182999
46400	-1.712235	-0.9780437	0.3280629	0.3280629
46500	-4.528219	0.9204782	0.1382107	0.1382107
46600	-2.237449	-2.352126	0.4654711	0.4654711
46700	-2.625475	0.1381048	0.216448	0.216448
46800	-1.807793	-0.6942743	0.2996859	0.2996859
46900	-1.771181	-1.632676	0.3935261	0.3935261
47000	-5.046254	1.055629	0.1246956	0.1246956
47100	-3.20183	0.4475243	0.1855061	0.1855061
47200	-2.647308	0.1518651	0.215072	0.215072
47300	-1.808083	-0.6936706	0.2996256	0.2996256
47400	-1.711128	-0.9836796	0.3286265	0.3286265
47500	-1.88649	-0.5524957	0.2855081	0.2855081
47600	-2.112524	-0.2691715	0.2571757	0.2571757
47700	-1.730215	-0.9016014	0.3204186	0.3204186
47800	-1.804049	-0.7021513	0.3004736	0.3004736
47900	-2.316919	-0.08285338	0.2385438	0.2385438
48000	-1.703206	-1.367688	0.3670273	0.3670273
48100	-3.188532	0.4413977	0.1861187	0.1861187
48200	-3.424278	0.544695	0.175789	0.175789
48300	-1.703061	-1.030615	0.33332	0.33332
48400	-1.796883	-1.698388	0.4000973	0.4000973
48500	-1.982996	-0.4165147	0.27191	0.27191
48600	-1.71603	-0.9597658	0.3262351	0.3262351
48700	-4.284276	0.8492279	0.1453357	0.1453357
48800	-3.506483	0.5782954	0.172429	0.172429
48900	-3.981624	0.7526393	0.1549946	0.1549946
49000	-1.738906	-0.8712542	0.3173839	0.3173839
49100	-1.693976	-1.284837	0.3587422	0.3587422
49200	-1.918523	-0.503927	0.2806512	0.2806512
49300	-2.013792	-2.080255	0.4382841	0.4382841
49400	-1.690713	-1.210186	0.3512771	0.3512771
49500	-2.068755	-0.3156354	0.2618221	0.2618221
49600	-1.884549	-0.5555734	0.2858158	0.2858158
49700	-1.691648	-1.245361	0.3547946	0.3547946
49800	-2.342423	-0.06232225	0.2364907	0.2364907
49900	-1.740813	-0.8649841	0.3167569	0.3167569
50000	-3.16997	0.4327811	0.1869804	0.1869804
50100	-2.712866	0.1919982	0.2110587	0.2110587
50200	-1.708614	-0.9970919	0.3299677	0.3299677
50300	-1.994858	-0.4016461	0.2704231	0.2704231
50400	-2.02533	-0.3648839	0.2667469	0.2667469
50500	-2.190934	-0.1924637	0.2495049	0.2495049
50600	-1.691196	-1.232974	0.3535559	0.3535559
50700	-1.752104	-0.8301629	0.3132748	0.3132748
50800	-1.976931	-0.4242478	0.2726833	0.2726833
50900	-2.582876	0.110651	0.2191934	0.2191934
51000	-2.320162	-0.08021449	0.23828	0.23828
51100	-1.721029	-0.9377111	0.3240296	0.3240296
51200	-2.70291	0.1860135	0.2116572	0.2116572
51300	-2.090714	-0.2919582	0.2594543	0.2594543
51400	-4.255769	0.8405375	0.1462048	0.1462048
51500	-1.859527	-1.831574	0.4134159	0.4134159
51600	-3.310484	0.4961932	0.1806392	0.1806392
51700	-2.301815	-2.419563	0.4722148	0.4722148
51800	-1.736987	-0.8776935	0.3180279	0.3180279
51900	-1.790429	-0.7320348	0.303462	0.303462
52000	-8.631494	1.639915	0.06626699	0.06626699
52100	-4.422704	0.8903237	0.1412261	0.1412261
52200	-1.862955	-0.5910152	0.28936	0.28936
52300	-2.032039	-0.357047	0.2659632	0.2659632
52400	-1.995737	-0.4005575	0.2703143	0.2703143
52500	-2.632485	0.1425451	0.216004	0.216004
52600	-1.949846	-0.4599504	0.2762535	0.2762535
52700	-2.591171	0.1160614	0.2186524	0.2186524
52800	-2.050615	-0.3357947	0.263838	0.263838
52900	-2.150291	-2.254212	0.4556797	0.4556797
53000	-2.178588	-0.2040501	0.2506635	0.2506635
53100	-1.921742	-0.4992604	0.2801846	0.2801846
53200	-1.980097	-0.4201999	0.2722785	0.2722785
53300	-2.348697	-0.05734681	0.2359932	0.2359932
53400	-4.978899	1.039162	0.1263423	0.1263423
53500	-1.897065	-1.899846	0.4202431	0.4202431
53600	-1.76061	-0.8060911	0.3108676	0.3108676
53700	-2.466166	0.03089278	0.2271692	0.2271692
53800	-2.415509	-0.006071814	0.2308657	0.2308657
53900	-2.143893	-0.2375612	0.2540146	0.2540146
54000	-2.587562	0.1137115	0.2188874	0.2188874
54100	-2.249134	-0.1399989	0.2442584	0.2442584
54200	-2.370294	-0.04043695	0.2343022	0.2343022
54300	-1.862779	-0.5913145	0.28939	0.28939
54400	-2.309237	-0.08913602	0.2391721	0.2391721
54500	-1.743239	-0.8571822	0.3159767	0.3159767
54600	-1.955386	-0.4524841	0.2755069	0.2755069
54700	-1.742421	-1.545379	0.3847964	0.3847964
54800	-2.275083	-0.1176556	0.2420241	0.2420241
54900	-3.51857	0.5831404	0.1719445	0.1719445
55000	-2.508027	0.06031809	0.2242267	0.2242267
55100	-1.693451	-1.277635	0.3580221	0.3580221
55200	-3.878087	0.7172275	0.1585358	0.1585358
55300	-1.843188	-0.6256365	0.2928222	0.2928222
55400	-2.250362	-0.1389277	0.2441513	0.2441513
55500	-2.513597	-2.619519	0.4922104	0.4922104
55600	-2.582449	0.110372	0.2192213	0.2192213
55700	-1.692311	-1.135958	0.3438543	0.3438543
55800	-3.375081	0.5240201	0.1778565	0.1778565
55900	-1.797456	-1.69976	0.4002345	0.4002345
56000	-1.872591	-0.5749183	0.2877503	0.2877503
56100	-1.955842	-0.4518739	0.2754459	0.2754459
56200	-2.449307	0.01876175	0.2283823	0.2283823
56300	-2.175803	-0.2066883	0.2509273	0.2509273
56400	-2.304234	-0.09325352	0.2395839	0.2395839
56500	-3.961145	0.7457376	0.1556848	0.1556848
56600	-2.849127	0.2703073	0.2032278	0.2032278
56700	-2.660482	0.1600699	0.2142515	0.2142515
56800	-2.20502	-0.1794475	0.2482033	0.2482033
56900	-1.890675	-0.545915	0.28485	0.28485
57000	-1.833469	-1.779724	0.4082309	0.4082309
57100	-3.805386	0.6915629	0.1611022	0.1611022
57200	-2.063958	-0.3209113	0.2623496	0.2623496
57300	-2.535984	0.07944637	0.2223139	0.2223139
57400	-1.961098	-0.4448773	0.2747462	0.2747462
57500	-2.224521	-0.1617715	0.2464357	0.2464357
57600	-2.803566	0.2448372	0.2057748	0.2057748
57700	-1.989962	-0.4077426	0.2710328	0.2710328
57800	-2.070414	-0.3138189	0.2616404	0.2616404
57900	-5.111189	1.071219	0.1231366	0.1231366
58000	-1.69171	-1.148231	0.3450816	0.3450816
58100	-2.803131	-2.85453	0.5157115	0.5157115
58200	-4.503795	0.9135848	0.1389	0.1389
58300	-1.727465	-0.9119122	0.3214497	0.3214497
58400	-1.943659	-1.976652	0.4279237	0.4279237
58500	-2.714309	0.1928626	0.2109723	0.2109723
58600	-2.584666	0.1118211	0.2190764	0.2190764
58700	-2.297085	-0.09917241	0.2401757	0.2401757
58800	-2.185061	-0.1979547	0.250054	0.250054
58900	-1.823084	-1.757787	0.4060372	0.4060372
59000	-2.55492	-2.655384	0.4957969	0.4957969
59100	-2.146407	-0.2350841	0.2537669	0.2537669
59200	-2.858797	0.2756263	0.2026959	0.2026959
59300	-3.985271	0.7538634	0.1548722	0.1548722
59400	-4.873187	1.012688	0.1289897	0.1289897
59500	-2.636066	0.1448054	0.215778	0.215778
59600	-2.297818	-0.09856339	0.2401148	0.2401148
59700	-1.753807	-1.582228	0.3884813	0.3884813
59800	-2.422388	-0.0009600136	0.2303545	0.2303545
59900	-2.990699	0.3453838	0.1957201	0.1957201
60000	-2.247845	-0.1411246	0.244371	0.244371
